2015/10/01 14:16:13 [error] [exception.CDbException] exception 'CDbException' with message 'CDbConnection failed to open the DB connection: SQLSTATE[42000] [1049] Unknown database 'tffin'' in C:\OpenServer\domains\localhost\yii\framework\db\CDbConnection.php:399
Stack trace:
#0 C:\OpenServer\domains\localhost\yii\framework\db\CDbConnection.php(347): CDbConnection->open()
#1 C:\OpenServer\domains\localhost\yii\framework\db\CDbConnection.php(325): CDbConnection->setActive(true)
#2 C:\OpenServer\domains\localhost\yii\framework\base\CModule.php(394): CDbConnection->init()
#3 C:\OpenServer\domains\localhost\yii\framework\base\CApplication.php(458): CModule->getComponent('db')
#4 C:\OpenServer\domains\localhost\yii\framework\db\ar\CActiveRecord.php(637): CApplication->getDb()
#5 C:\OpenServer\domains\localhost\yii\framework\db\ar\CActiveRecord.php(1433): CActiveRecord->getDbConnection()
#6 C:\OpenServer\domains\localhost\yii\framework\db\ar\CActiveRecord.php(1522): CActiveRecord->getTableAlias(true)
#7 C:\OpenServer\domains\localhost\tffin\protected\components\UserIdentity.php(22): CActiveRecord->findByAttributes(Array)
#8 C:\OpenServer\domains\localhost\tffin\protected\models\LoginForm.php(54): UserIdentity->authenticate()
#9 C:\OpenServer\domains\localhost\yii\framework\validators\CInlineValidator.php(42): LoginForm->authenticate('password', Array)
#10 C:\OpenServer\domains\localhost\yii\framework\validators\CValidator.php(201): CInlineValidator->validateAttribute(Object(LoginForm), 'password')
#11 C:\OpenServer\domains\localhost\yii\framework\base\CModel.php(159): CValidator->validate(Object(LoginForm), NULL)
#12 C:\OpenServer\domains\localhost\tffin\protected\controllers\SiteController.php(102): CModel->validate()
#13 C:\OpenServer\domains\localhost\yii\framework\web\actions\CInlineAction.php(49): SiteController->actionLogin()
#14 C:\OpenServer\domains\localhost\yii\framework\web\CController.php(308): CInlineAction->runWithParams(Array)
#15 C:\OpenServer\domains\localhost\yii\framework\web\CController.php(286): CController->runAction(Object(CInlineAction))
#16 C:\OpenServer\domains\localhost\yii\framework\web\CController.php(265): CController->runActionWithFilters(Object(CInlineAction), Array)
#17 C:\OpenServer\domains\localhost\yii\framework\web\CWebApplication.php(282): CController->run('login')
#18 C:\OpenServer\domains\localhost\yii\framework\web\CWebApplication.php(141): CWebApplication->runController('site/login')
#19 C:\OpenServer\domains\localhost\yii\framework\base\CApplication.php(184): CWebApplication->processRequest()
#20 C:\OpenServer\domains\localhost\tffin\index.php(13): CApplication->run()
#21 {main}
REQUEST_URI=/tffin/index.php?r=site/login
HTTP_REFERER=http://localhost/tffin/index.php?r=site/login
---
2015/10/08 22:12:53 [error] [php] copy(../oleg/tf/go_5.xml) [<a href='function.copy'>function.copy</a>]: failed to open stream: No such file or directory (C:\OpenServer\domains\localhost\tffin\protected\controllers\TmpXmlController.php:1049)
Stack trace:
#0 C:\OpenServer\domains\localhost\yii\framework\web\CController.php(308): CInlineAction->runWithParams()
#1 C:\OpenServer\domains\localhost\yii\framework\web\filters\CFilterChain.php(133): TmpXmlController->runAction()
#2 C:\OpenServer\domains\localhost\yii\framework\web\filters\CFilter.php(40): CFilterChain->run()
#3 C:\OpenServer\domains\localhost\yii\framework\web\CController.php(1145): CAccessControlFilter->filter()
#4 C:\OpenServer\domains\localhost\yii\framework\web\filters\CInlineFilter.php(58): TmpXmlController->filterAccessControl()
#5 C:\OpenServer\domains\localhost\yii\framework\web\filters\CFilterChain.php(130): CInlineFilter->filter()
#6 C:\OpenServer\domains\localhost\yii\framework\web\CController.php(291): CFilterChain->run()
#7 C:\OpenServer\domains\localhost\yii\framework\web\CController.php(265): TmpXmlController->runActionWithFilters()
#8 C:\OpenServer\domains\localhost\yii\framework\web\CWebApplication.php(282): TmpXmlController->run()
#9 C:\OpenServer\domains\localhost\yii\framework\web\CWebApplication.php(141): CWebApplication->runController()
#10 C:\OpenServer\domains\localhost\yii\framework\base\CApplication.php(184): CWebApplication->processRequest()
#11 C:\OpenServer\domains\localhost\tffin\index.php(13): CWebApplication->run()
REQUEST_URI=/tffin/index.php?r=tmpXml/cxml
in C:\OpenServer\domains\localhost\tffin\protected\controllers\TmpXmlController.php (1049)
in C:\OpenServer\domains\localhost\tffin\index.php (13)
2016/05/23 22:31:58 [error] [exception.CException] exception 'CException' with message 'Путь CAssetManager.basePath "D:\OpenServer\domains\localhost\tffin\assets" задан неверно. Удостоверьтесь, что директория существует и доступна для записи пользователю, под которым запущен веб-сервер.' in D:\OpenServer\domains\localhost\yii\framework\web\CAssetManager.php:138
Stack trace:
#0 D:\OpenServer\domains\localhost\yii\framework\web\CAssetManager.php(123): CAssetManager->setBasePath('D:\\OpenServer\\d...')
#1 D:\OpenServer\domains\localhost\yii\framework\web\CAssetManager.php(217): CAssetManager->getBasePath()
#2 D:\OpenServer\domains\localhost\tffin\protected\views\layouts\main.php(33): CAssetManager->publish('js/common.js')
#3 D:\OpenServer\domains\localhost\yii\framework\web\CBaseController.php(126): require('D:\\OpenServer\\d...')
#4 D:\OpenServer\domains\localhost\yii\framework\web\CBaseController.php(95): CBaseController->renderInternal('D:\\OpenServer\\d...', Array, true)
#5 D:\OpenServer\domains\localhost\yii\framework\web\widgets\CContentDecorator.php(76): CBaseController->renderFile('D:\\OpenServer\\d...', Array, true)
#6 D:\OpenServer\domains\localhost\yii\framework\web\widgets\CContentDecorator.php(54): CContentDecorator->decorate('<div class="spa...')
#7 D:\OpenServer\domains\localhost\yii\framework\web\widgets\COutputProcessor.php(44): CContentDecorator->processOutput('<div class="spa...')
#8 D:\OpenServer\domains\localhost\yii\framework\web\CBaseController.php(214): COutputProcessor->run()
#9 D:\OpenServer\domains\localhost\yii\framework\web\CBaseController.php(308): CBaseController->endWidget('CContentDecorat...')
#10 D:\OpenServer\domains\localhost\tffin\protected\views\layouts\column2.php(22): CBaseController->endContent()
#11 D:\OpenServer\domains\localhost\yii\framework\web\CBaseController.php(126): require('D:\\OpenServer\\d...')
#12 D:\OpenServer\domains\localhost\yii\framework\web\CBaseController.php(95): CBaseController->renderInternal('D:\\OpenServer\\d...', Array, true)
#13 D:\OpenServer\domains\localhost\yii\framework\web\CController.php(784): CBaseController->renderFile('D:\\OpenServer\\d...', Array, true)
#14 D:\OpenServer\domains\localhost\tffin\protected\controllers\SiteController.php(33): CController->render('index')
#15 D:\OpenServer\domains\localhost\yii\framework\web\actions\CInlineAction.php(49): SiteController->actionIndex()
#16 D:\OpenServer\domains\localhost\yii\framework\web\CController.php(308): CInlineAction->runWithParams(Array)
#17 D:\OpenServer\domains\localhost\yii\framework\web\CController.php(286): CController->runAction(Object(CInlineAction))
#18 D:\OpenServer\domains\localhost\yii\framework\web\CController.php(265): CController->runActionWithFilters(Object(CInlineAction), Array)
#19 D:\OpenServer\domains\localhost\yii\framework\web\CWebApplication.php(282): CController->run('')
#20 D:\OpenServer\domains\localhost\yii\framework\web\CWebApplication.php(141): CWebApplication->runController('')
#21 D:\OpenServer\domains\localhost\yii\framework\base\CApplication.php(185): CWebApplication->processRequest()
#22 D:\OpenServer\domains\localhost\tffin\index.php(13): CApplication->run()
#23 {main}
REQUEST_URI=/tffin/
---
2016/05/23 22:35:03 [error] [system.db.CDbCommand] Не удалось выполнить CDbCommand::fetchAll(): SQLSTATE[42S02]: Base table or view not found: 1146 Table 'tffin.comment' doesn't exist. Выполнявшийся SQL-запрос: SHOW FULL COLUMNS FROM `comment`.
in D:\OpenServer\domains\localhost\tffin\protected\views\exp\admin.php (186)
in D:\OpenServer\domains\localhost\tffin\protected\controllers\ExpController.php (376)
in D:\OpenServer\domains\localhost\tffin\index.php (13)
2016/05/23 22:35:03 [error] [exception.CDbException] exception 'CDbException' with message 'Таблица "comment", упомянутая в записи active record класса "Comment", не найдена в базе данных.' in D:\OpenServer\domains\localhost\yii\framework\db\ar\CActiveRecord.php:2387
Stack trace:
#0 D:\OpenServer\domains\localhost\yii\framework\db\ar\CActiveRecord.php(411): CActiveRecordMetaData->__construct(Object(Comment))
#1 D:\OpenServer\domains\localhost\yii\framework\db\ar\CActiveRecord.php(661): CActiveRecord->getMetaData()
#2 D:\OpenServer\domains\localhost\yii\framework\db\ar\CActiveFinder.php(386): CActiveRecord->getTableSchema()
#3 D:\OpenServer\domains\localhost\yii\framework\db\ar\CActiveFinder.php(281): CJoinElement->__construct(Object(CActiveFinder), Object(CHasOneRelation), Object(CJoinElement), 7)
#4 D:\OpenServer\domains\localhost\yii\framework\db\ar\CActiveFinder.php(299): CActiveFinder->buildJoinTree(Object(CJoinElement), 'comment')
#5 D:\OpenServer\domains\localhost\yii\framework\db\ar\CActiveFinder.php(48): CActiveFinder->buildJoinTree(Object(CJoinElement), Array)
#6 D:\OpenServer\domains\localhost\yii\framework\db\ar\CActiveRecord.php(912): CActiveFinder->__construct(Object(Exp), Array)
#7 D:\OpenServer\domains\localhost\yii\framework\db\ar\CActiveRecord.php(1360): CActiveRecord->getActiveFinder(Array)
#8 D:\OpenServer\domains\localhost\yii\framework\db\ar\CActiveRecord.php(1475): CActiveRecord->query(Object(CDbCriteria), true)
#9 D:\OpenServer\domains\localhost\yii\framework\web\CActiveDataProvider.php(199): CActiveRecord->findAll(Object(CDbCriteria))
#10 D:\OpenServer\domains\localhost\yii\framework\web\CDataProvider.php(168): CActiveDataProvider->fetchData()
#11 D:\OpenServer\domains\localhost\yii\framework\web\CActiveDataProvider.php(211): CDataProvider->getData()
#12 D:\OpenServer\domains\localhost\yii\framework\web\CDataProvider.php(190): CActiveDataProvider->fetchKeys()
#13 D:\OpenServer\domains\localhost\tffin\protected\views\exp\admin.php(186): CDataProvider->getKeys()
#14 D:\OpenServer\domains\localhost\yii\framework\web\CBaseController.php(126): require('D:\\OpenServer\\d...')
#15 D:\OpenServer\domains\localhost\yii\framework\web\CBaseController.php(95): CBaseController->renderInternal('D:\\OpenServer\\d...', Array, true)
#16 D:\OpenServer\domains\localhost\yii\framework\web\CController.php(869): CBaseController->renderFile('D:\\OpenServer\\d...', Array, true)
#17 D:\OpenServer\domains\localhost\yii\framework\web\CController.php(782): CController->renderPartial('admin', Array, true)
#18 D:\OpenServer\domains\localhost\tffin\protected\controllers\ExpController.php(376): CController->render('admin', Array)
#19 [internal function]: ExpController->actionAdmin(0)
#20 D:\OpenServer\domains\localhost\yii\framework\web\actions\CAction.php(109): ReflectionMethod->invokeArgs(Object(ExpController), Array)
#21 D:\OpenServer\domains\localhost\yii\framework\web\actions\CInlineAction.php(47): CAction->runWithParamsInternal(Object(ExpController), Object(ReflectionMethod), Array)
#22 D:\OpenServer\domains\localhost\yii\framework\web\CController.php(308): CInlineAction->runWithParams(Array)
#23 D:\OpenServer\domains\localhost\yii\framework\web\filters\CFilterChain.php(133): CController->runAction(Object(CInlineAction))
#24 D:\OpenServer\domains\localhost\yii\framework\web\filters\CFilter.php(40): CFilterChain->run()
#25 D:\OpenServer\domains\localhost\yii\framework\web\CController.php(1145): CFilter->filter(Object(CFilterChain))
#26 D:\OpenServer\domains\localhost\yii\framework\web\filters\CInlineFilter.php(58): CController->filterAccessControl(Object(CFilterChain))
#27 D:\OpenServer\domains\localhost\yii\framework\web\filters\CFilterChain.php(130): CInlineFilter->filter(Object(CFilterChain))
#28 D:\OpenServer\domains\localhost\yii\framework\web\CController.php(291): CFilterChain->run()
#29 D:\OpenServer\domains\localhost\yii\framework\web\CController.php(265): CController->runActionWithFilters(Object(CInlineAction), Array)
#30 D:\OpenServer\domains\localhost\yii\framework\web\CWebApplication.php(282): CController->run('admin')
#31 D:\OpenServer\domains\localhost\yii\framework\web\CWebApplication.php(141): CWebApplication->runController('exp/admin')
#32 D:\OpenServer\domains\localhost\yii\framework\base\CApplication.php(185): CWebApplication->processRequest()
#33 D:\OpenServer\domains\localhost\tffin\index.php(13): CApplication->run()
#34 {main}
REQUEST_URI=/tffin/index.php?r=exp/admin
HTTP_REFERER=http://localhost/tffin/index.php?r=site/page&view=about
---
2016/10/17 22:14:20 [warning] [application] Не удалось присвоить небезопасный атрибут "date_g" класса "Pay".
in D:\OpenServer\domains\localhost\tffin\protected\controllers\PayController.php (122)
in D:\OpenServer\domains\localhost\tffin\index.php (13)
2016/10/17 22:14:20 [warning] [application] Не удалось присвоить небезопасный атрибут "dg_null" класса "Pay".
in D:\OpenServer\domains\localhost\tffin\protected\controllers\PayController.php (122)
in D:\OpenServer\domains\localhost\tffin\index.php (13)
2016/10/17 22:14:20 [error] [exception.CException] exception 'CException' with message 'Не определено свойство "Exp.dep_bank_id".' in D:\OpenServer\domains\localhost\yii\framework\base\CComponent.php:130
Stack trace:
#0 D:\OpenServer\domains\localhost\yii\framework\db\ar\CActiveRecord.php(145): CComponent->__get('dep_bank_id')
#1 D:\OpenServer\domains\localhost\yii\framework\validators\CNumberValidator.php(78): CActiveRecord->__get('dep_bank_id')
#2 D:\OpenServer\domains\localhost\yii\framework\validators\CValidator.php(201): CNumberValidator->validateAttribute(Object(Exp), 'dep_bank_id')
#3 D:\OpenServer\domains\localhost\yii\framework\base\CModel.php(159): CValidator->validate(Object(Exp), NULL)
#4 D:\OpenServer\domains\localhost\yii\framework\db\ar\CActiveRecord.php(808): CModel->validate(NULL)
#5 D:\OpenServer\domains\localhost\tffin\protected\models\Pay.php(176): CActiveRecord->save()
#6 D:\OpenServer\domains\localhost\yii\framework\db\ar\CActiveRecord.php(1100): Pay->afterSave()
#7 D:\OpenServer\domains\localhost\yii\framework\db\ar\CActiveRecord.php(809): CActiveRecord->insert(NULL)
#8 D:\OpenServer\domains\localhost\tffin\protected\controllers\PayController.php(125): CActiveRecord->save()
#9 D:\OpenServer\domains\localhost\yii\framework\web\actions\CInlineAction.php(49): PayController->actionCreateID()
#10 D:\OpenServer\domains\localhost\yii\framework\web\CController.php(308): CInlineAction->runWithParams(Array)
#11 D:\OpenServer\domains\localhost\yii\framework\web\filters\CFilterChain.php(133): CController->runAction(Object(CInlineAction))
#12 D:\OpenServer\domains\localhost\yii\framework\web\filters\CFilter.php(40): CFilterChain->run()
#13 D:\OpenServer\domains\localhost\yii\framework\web\CController.php(1145): CFilter->filter(Object(CFilterChain))
#14 D:\OpenServer\domains\localhost\yii\framework\web\filters\CInlineFilter.php(58): CController->filterAccessControl(Object(CFilterChain))
#15 D:\OpenServer\domains\localhost\yii\framework\web\filters\CFilterChain.php(130): CInlineFilter->filter(Object(CFilterChain))
#16 D:\OpenServer\domains\localhost\yii\framework\web\CController.php(291): CFilterChain->run()
#17 D:\OpenServer\domains\localhost\yii\framework\web\CController.php(265): CController->runActionWithFilters(Object(CInlineAction), Array)
#18 D:\OpenServer\domains\localhost\yii\framework\web\CWebApplication.php(282): CController->run('CreateID')
#19 D:\OpenServer\domains\localhost\yii\framework\web\CWebApplication.php(141): CWebApplication->runController('pay/CreateID')
#20 D:\OpenServer\domains\localhost\yii\framework\base\CApplication.php(185): CWebApplication->processRequest()
#21 D:\OpenServer\domains\localhost\tffin\index.php(13): CApplication->run()
#22 {main}
REQUEST_URI=/tffin/index.php?r=pay/CreateID
HTTP_REFERER=http://localhost/tffin/index.php?r=exp/admin
---
2016/10/17 22:14:53 [warning] [application] Не удалось присвоить небезопасный атрибут "date_g" класса "Pay".
in D:\OpenServer\domains\localhost\tffin\protected\controllers\PayController.php (122)
in D:\OpenServer\domains\localhost\tffin\index.php (13)
2016/10/17 22:14:53 [warning] [application] Не удалось присвоить небезопасный атрибут "dg_null" класса "Pay".
in D:\OpenServer\domains\localhost\tffin\protected\controllers\PayController.php (122)
in D:\OpenServer\domains\localhost\tffin\index.php (13)
2016/10/17 22:14:53 [error] [exception.CException] exception 'CException' with message 'Не определено свойство "Exp.dep_bank_id".' in D:\OpenServer\domains\localhost\yii\framework\base\CComponent.php:130
Stack trace:
#0 D:\OpenServer\domains\localhost\yii\framework\db\ar\CActiveRecord.php(145): CComponent->__get('dep_bank_id')
#1 D:\OpenServer\domains\localhost\yii\framework\validators\CNumberValidator.php(78): CActiveRecord->__get('dep_bank_id')
#2 D:\OpenServer\domains\localhost\yii\framework\validators\CValidator.php(201): CNumberValidator->validateAttribute(Object(Exp), 'dep_bank_id')
#3 D:\OpenServer\domains\localhost\yii\framework\base\CModel.php(159): CValidator->validate(Object(Exp), NULL)
#4 D:\OpenServer\domains\localhost\yii\framework\db\ar\CActiveRecord.php(808): CModel->validate(NULL)
#5 D:\OpenServer\domains\localhost\tffin\protected\models\Pay.php(176): CActiveRecord->save()
#6 D:\OpenServer\domains\localhost\yii\framework\db\ar\CActiveRecord.php(1100): Pay->afterSave()
#7 D:\OpenServer\domains\localhost\yii\framework\db\ar\CActiveRecord.php(809): CActiveRecord->insert(NULL)
#8 D:\OpenServer\domains\localhost\tffin\protected\controllers\PayController.php(125): CActiveRecord->save()
#9 D:\OpenServer\domains\localhost\yii\framework\web\actions\CInlineAction.php(49): PayController->actionCreateID()
#10 D:\OpenServer\domains\localhost\yii\framework\web\CController.php(308): CInlineAction->runWithParams(Array)
#11 D:\OpenServer\domains\localhost\yii\framework\web\filters\CFilterChain.php(133): CController->runAction(Object(CInlineAction))
#12 D:\OpenServer\domains\localhost\yii\framework\web\filters\CFilter.php(40): CFilterChain->run()
#13 D:\OpenServer\domains\localhost\yii\framework\web\CController.php(1145): CFilter->filter(Object(CFilterChain))
#14 D:\OpenServer\domains\localhost\yii\framework\web\filters\CInlineFilter.php(58): CController->filterAccessControl(Object(CFilterChain))
#15 D:\OpenServer\domains\localhost\yii\framework\web\filters\CFilterChain.php(130): CInlineFilter->filter(Object(CFilterChain))
#16 D:\OpenServer\domains\localhost\yii\framework\web\CController.php(291): CFilterChain->run()
#17 D:\OpenServer\domains\localhost\yii\framework\web\CController.php(265): CController->runActionWithFilters(Object(CInlineAction), Array)
#18 D:\OpenServer\domains\localhost\yii\framework\web\CWebApplication.php(282): CController->run('CreateID')
#19 D:\OpenServer\domains\localhost\yii\framework\web\CWebApplication.php(141): CWebApplication->runController('pay/CreateID')
#20 D:\OpenServer\domains\localhost\yii\framework\base\CApplication.php(185): CWebApplication->processRequest()
#21 D:\OpenServer\domains\localhost\tffin\index.php(13): CApplication->run()
#22 {main}
REQUEST_URI=/tffin/index.php?r=pay/CreateID
HTTP_REFERER=http://localhost/tffin/index.php?r=exp/admin
---
2016/10/17 22:33:58 [warning] [application] Не удалось присвоить небезопасный атрибут "date_g" класса "Pay".
in D:\OpenServer\domains\localhost\tffin\protected\controllers\PayController.php (122)
in D:\OpenServer\domains\localhost\tffin\index.php (13)
2016/10/17 22:33:58 [warning] [application] Не удалось присвоить небезопасный атрибут "dg_null" класса "Pay".
in D:\OpenServer\domains\localhost\tffin\protected\controllers\PayController.php (122)
in D:\OpenServer\domains\localhost\tffin\index.php (13)
2016/10/17 22:33:58 [error] [exception.CException] exception 'CException' with message 'Не определено свойство "Exp.dep_bank_id".' in D:\OpenServer\domains\localhost\yii\framework\base\CComponent.php:130
Stack trace:
#0 D:\OpenServer\domains\localhost\yii\framework\db\ar\CActiveRecord.php(145): CComponent->__get('dep_bank_id')
#1 D:\OpenServer\domains\localhost\yii\framework\validators\CNumberValidator.php(78): CActiveRecord->__get('dep_bank_id')
#2 D:\OpenServer\domains\localhost\yii\framework\validators\CValidator.php(201): CNumberValidator->validateAttribute(Object(Exp), 'dep_bank_id')
#3 D:\OpenServer\domains\localhost\yii\framework\base\CModel.php(159): CValidator->validate(Object(Exp), NULL)
#4 D:\OpenServer\domains\localhost\yii\framework\db\ar\CActiveRecord.php(808): CModel->validate(NULL)
#5 D:\OpenServer\domains\localhost\tffin\protected\models\Pay.php(176): CActiveRecord->save()
#6 D:\OpenServer\domains\localhost\yii\framework\db\ar\CActiveRecord.php(1100): Pay->afterSave()
#7 D:\OpenServer\domains\localhost\yii\framework\db\ar\CActiveRecord.php(809): CActiveRecord->insert(NULL)
#8 D:\OpenServer\domains\localhost\tffin\protected\controllers\PayController.php(125): CActiveRecord->save()
#9 D:\OpenServer\domains\localhost\yii\framework\web\actions\CInlineAction.php(49): PayController->actionCreateID()
#10 D:\OpenServer\domains\localhost\yii\framework\web\CController.php(308): CInlineAction->runWithParams(Array)
#11 D:\OpenServer\domains\localhost\yii\framework\web\filters\CFilterChain.php(133): CController->runAction(Object(CInlineAction))
#12 D:\OpenServer\domains\localhost\yii\framework\web\filters\CFilter.php(40): CFilterChain->run()
#13 D:\OpenServer\domains\localhost\yii\framework\web\CController.php(1145): CFilter->filter(Object(CFilterChain))
#14 D:\OpenServer\domains\localhost\yii\framework\web\filters\CInlineFilter.php(58): CController->filterAccessControl(Object(CFilterChain))
#15 D:\OpenServer\domains\localhost\yii\framework\web\filters\CFilterChain.php(130): CInlineFilter->filter(Object(CFilterChain))
#16 D:\OpenServer\domains\localhost\yii\framework\web\CController.php(291): CFilterChain->run()
#17 D:\OpenServer\domains\localhost\yii\framework\web\CController.php(265): CController->runActionWithFilters(Object(CInlineAction), Array)
#18 D:\OpenServer\domains\localhost\yii\framework\web\CWebApplication.php(282): CController->run('CreateID')
#19 D:\OpenServer\domains\localhost\yii\framework\web\CWebApplication.php(141): CWebApplication->runController('pay/CreateID')
#20 D:\OpenServer\domains\localhost\yii\framework\base\CApplication.php(185): CWebApplication->processRequest()
#21 D:\OpenServer\domains\localhost\tffin\index.php(13): CApplication->run()
#22 {main}
REQUEST_URI=/tffin/index.php?r=pay/CreateID
HTTP_REFERER=http://localhost/tffin/index.php?r=exp/admin
---
2016/10/17 22:41:25 [warning] [application] Не удалось присвоить небезопасный атрибут "date_g" класса "Pay".
in D:\OpenServer\domains\localhost\tffin\protected\controllers\PayController.php (122)
in D:\OpenServer\domains\localhost\tffin\index.php (13)
2016/10/17 22:41:25 [warning] [application] Не удалось присвоить небезопасный атрибут "dg_null" класса "Pay".
in D:\OpenServer\domains\localhost\tffin\protected\controllers\PayController.php (122)
in D:\OpenServer\domains\localhost\tffin\index.php (13)
2016/10/17 22:41:25 [error] [exception.CException] exception 'CException' with message 'Не определено свойство "Exp.client_bank_id".' in D:\OpenServer\domains\localhost\yii\framework\base\CComponent.php:130
Stack trace:
#0 D:\OpenServer\domains\localhost\yii\framework\db\ar\CActiveRecord.php(145): CComponent->__get('client_bank_id')
#1 D:\OpenServer\domains\localhost\yii\framework\validators\CNumberValidator.php(78): CActiveRecord->__get('client_bank_id')
#2 D:\OpenServer\domains\localhost\yii\framework\validators\CValidator.php(201): CNumberValidator->validateAttribute(Object(Exp), 'client_bank_id')
#3 D:\OpenServer\domains\localhost\yii\framework\base\CModel.php(159): CValidator->validate(Object(Exp), NULL)
#4 D:\OpenServer\domains\localhost\yii\framework\db\ar\CActiveRecord.php(808): CModel->validate(NULL)
#5 D:\OpenServer\domains\localhost\tffin\protected\models\Pay.php(176): CActiveRecord->save()
#6 D:\OpenServer\domains\localhost\yii\framework\db\ar\CActiveRecord.php(1100): Pay->afterSave()
#7 D:\OpenServer\domains\localhost\yii\framework\db\ar\CActiveRecord.php(809): CActiveRecord->insert(NULL)
#8 D:\OpenServer\domains\localhost\tffin\protected\controllers\PayController.php(125): CActiveRecord->save()
#9 D:\OpenServer\domains\localhost\yii\framework\web\actions\CInlineAction.php(49): PayController->actionCreateID()
#10 D:\OpenServer\domains\localhost\yii\framework\web\CController.php(308): CInlineAction->runWithParams(Array)
#11 D:\OpenServer\domains\localhost\yii\framework\web\filters\CFilterChain.php(133): CController->runAction(Object(CInlineAction))
#12 D:\OpenServer\domains\localhost\yii\framework\web\filters\CFilter.php(40): CFilterChain->run()
#13 D:\OpenServer\domains\localhost\yii\framework\web\CController.php(1145): CFilter->filter(Object(CFilterChain))
#14 D:\OpenServer\domains\localhost\yii\framework\web\filters\CInlineFilter.php(58): CController->filterAccessControl(Object(CFilterChain))
#15 D:\OpenServer\domains\localhost\yii\framework\web\filters\CFilterChain.php(130): CInlineFilter->filter(Object(CFilterChain))
#16 D:\OpenServer\domains\localhost\yii\framework\web\CController.php(291): CFilterChain->run()
#17 D:\OpenServer\domains\localhost\yii\framework\web\CController.php(265): CController->runActionWithFilters(Object(CInlineAction), Array)
#18 D:\OpenServer\domains\localhost\yii\framework\web\CWebApplication.php(282): CController->run('CreateID')
#19 D:\OpenServer\domains\localhost\yii\framework\web\CWebApplication.php(141): CWebApplication->runController('pay/CreateID')
#20 D:\OpenServer\domains\localhost\yii\framework\base\CApplication.php(185): CWebApplication->processRequest()
#21 D:\OpenServer\domains\localhost\tffin\index.php(13): CApplication->run()
#22 {main}
REQUEST_URI=/tffin/index.php?r=pay/CreateID
HTTP_REFERER=http://localhost/tffin/index.php?r=exp/admin
---
2016/10/17 23:00:32 [warning] [application] Не удалось присвоить небезопасный атрибут "date_g" класса "Pay".
in D:\OpenServer\domains\localhost\tffin\protected\controllers\PayController.php (122)
in D:\OpenServer\domains\localhost\tffin\index.php (13)
2016/10/17 23:00:32 [warning] [application] Не удалось присвоить небезопасный атрибут "dg_null" класса "Pay".
in D:\OpenServer\domains\localhost\tffin\protected\controllers\PayController.php (122)
in D:\OpenServer\domains\localhost\tffin\index.php (13)
2016/10/18 04:57:10 [warning] [application] Не удалось присвоить небезопасный атрибут "date_g" класса "Pay".
in D:\OpenServer\domains\localhost\tffin\protected\controllers\PayController.php (122)
in D:\OpenServer\domains\localhost\tffin\index.php (13)
2016/10/18 04:57:10 [warning] [application] Не удалось присвоить небезопасный атрибут "dg_null" класса "Pay".
in D:\OpenServer\domains\localhost\tffin\protected\controllers\PayController.php (122)
in D:\OpenServer\domains\localhost\tffin\index.php (13)
2016/10/18 05:09:34 [warning] [application] Не удалось присвоить небезопасный атрибут "dg_null" класса "Pay".
in D:\OpenServer\domains\localhost\tffin\protected\controllers\PayController.php (183)
in D:\OpenServer\domains\localhost\tffin\index.php (13)
2016/10/18 05:21:16 [warning] [application] Не удалось присвоить небезопасный атрибут "dg_null" класса "Pay".
in D:\OpenServer\domains\localhost\tffin\protected\controllers\PayController.php (183)
in D:\OpenServer\domains\localhost\tffin\index.php (13)
2016/10/18 07:38:58 [warning] [application] Не удалось присвоить небезопасный атрибут "dg_null" класса "Pay".
in D:\OpenServer\domains\localhost\tffin\protected\controllers\PayController.php (184)
in D:\OpenServer\domains\localhost\tffin\index.php (13)
2016/10/18 07:38:58 [warning] [application] Не удалось присвоить небезопасный атрибут "where_return" класса "Pay".
in D:\OpenServer\domains\localhost\tffin\protected\controllers\PayController.php (184)
in D:\OpenServer\domains\localhost\tffin\index.php (13)
2016/10/18 07:41:16 [warning] [application] Не удалось присвоить небезопасный атрибут "date_g" класса "Pay".
in D:\OpenServer\domains\localhost\tffin\protected\controllers\PayController.php (122)
in D:\OpenServer\domains\localhost\tffin\index.php (13)
2016/10/18 07:41:16 [warning] [application] Не удалось присвоить небезопасный атрибут "dg_null" класса "Pay".
in D:\OpenServer\domains\localhost\tffin\protected\controllers\PayController.php (122)
in D:\OpenServer\domains\localhost\tffin\index.php (13)
2016/10/18 07:41:16 [warning] [application] Не удалось присвоить небезопасный атрибут "where_return" класса "Pay".
in D:\OpenServer\domains\localhost\tffin\protected\controllers\PayController.php (122)
in D:\OpenServer\domains\localhost\tffin\index.php (13)
2016/10/18 07:51:39 [warning] [application] Не удалось присвоить небезопасный атрибут "where_return" класса "Pay".
in D:\OpenServer\domains\localhost\tffin\protected\controllers\PayController.php (184)
in D:\OpenServer\domains\localhost\tffin\index.php (13)
2016/10/18 07:52:53 [warning] [application] Не удалось присвоить небезопасный атрибут "dg_null" класса "Pay".
in D:\OpenServer\domains\localhost\tffin\protected\controllers\PayController.php (184)
in D:\OpenServer\domains\localhost\tffin\index.php (13)
2016/10/18 07:52:53 [warning] [application] Не удалось присвоить небезопасный атрибут "where_return" класса "Pay".
in D:\OpenServer\domains\localhost\tffin\protected\controllers\PayController.php (184)
in D:\OpenServer\domains\localhost\tffin\index.php (13)
2016/10/18 07:53:44 [warning] [application] Не удалось присвоить небезопасный атрибут "where_return" класса "Pay".
in D:\OpenServer\domains\localhost\tffin\protected\controllers\PayController.php (184)
in D:\OpenServer\domains\localhost\tffin\index.php (13)
2016/10/18 07:55:21 [warning] [application] Не удалось присвоить небезопасный атрибут "dg_null" класса "Pay".
in D:\OpenServer\domains\localhost\tffin\protected\controllers\PayController.php (184)
in D:\OpenServer\domains\localhost\tffin\index.php (13)
2016/10/18 07:55:21 [warning] [application] Не удалось присвоить небезопасный атрибут "where_return" класса "Pay".
in D:\OpenServer\domains\localhost\tffin\protected\controllers\PayController.php (184)
in D:\OpenServer\domains\localhost\tffin\index.php (13)
